#
# There is insufficient memory for the Java Runtime Environment to continue.
# Native memory allocation (mmap) failed to map 264241152 bytes for G1 virtual space
# Possible reasons:
#   The system is out of physical RAM or swap space
#   The process is running with CompressedOops enabled, and the Java Heap may be blocking the growth of the native heap
# Possible solutions:
#   Reduce memory load on the system
#   Increase physical memory or swap space
#   Check if swap backing store is full
#   Decrease Java heap size (-Xmx/-Xms)
#   Decrease number of Java threads
#   Decrease Java thread stack sizes (-Xss)
#   Set larger code cache with -XX:ReservedCodeCacheSize=
#   JVM is running with Zero Based Compressed Oops mode in which the Java heap is
#     placed in the first 32GB address space. The Java Heap base address is the
#     maximum limit for the native heap growth. Please use -XX:HeapBaseMinAddress
#     to set the Java Heap base and to place the Java Heap above 32GB virtual address.
# This output file may be truncated or incomplete.
#
#  Out of Memory Error (os_windows.cpp:3528), pid=18124, tid=18184
#
# JRE version:  (20.0+36) (build )
# Java VM: OpenJDK 64-Bit Server VM (20+36-2344, mixed mode, sharing, tiered, compressed oops, compressed class ptrs, g1 gc, windows-amd64)
# No core dump will be written. Minidumps are not enabled by default on client versions of Windows
#

---------------  S U M M A R Y ------------

Command Line: --module-path=D:\Eclipse IDE\javafx-sdk-18.0.1\lib --add-modules=javafx.controls,javafx.fxml -Dfile.encoding=UTF-8 --module-path=D:\Eclipse IDE\javafx-sdk-18.0.1\lib\javafx.base.jar;D:\Eclipse IDE\javafx-sdk-18.0.1\lib\javafx.controls.jar;D:\Eclipse IDE\javafx-sdk-18.0.1\lib\javafx.fxml.jar;D:\Eclipse IDE\javafx-sdk-18.0.1\lib\javafx.graphics.jar;D:\Eclipse IDE\javafx-sdk-18.0.1\lib\javafx.media.jar;D:\Eclipse IDE\javafx-sdk-18.0.1\lib\javafx.swing.jar;D:\Eclipse IDE\javafx-sdk-18.0.1\lib\javafx.web.jar;D:\Eclipse IDE\javafx-sdk-18.0.1\lib\javafx-swt.jar -XX:+ShowCodeDetailsInExceptionMessages iut.sae.application.Test

Host: Intel(R) Core(TM) i7-10700 CPU @ 2.90GHz, 16 cores, 15G,  Windows 11 , 64 bit Build 22000 (10.0.22000.318)
Time: Tue Jun  6 16:32:42 2023 Paris, Madrid (heure duild 22000 (10.0.22000.318) elapsed time: 0.005219 seconds (0d 0h 0m 0s)

---------------  T H R E A D  ---------------

Current thread (0x000002158e12cbb0):  JavaThread "Unknown thread" [_thread_in_vm, id=18184, stack(0x000000dae5800000,0x000000dae5900000)]

Stack: [0x000000dae5800000,0x000000dae5900000]
Native frames: (J=compiled Java code, j=interpreted, Vv=VM code, C=native code)
V  [jvm.dll+0x6bb95a]
V  [jvm.dll+0x8483aa]
V  [jvm.dll+0x849fa5]
V  [jvm.dll+0x84a6a3]
V  [jvm.dll+0x280b0f]
V  [jvm.dll+0x6b86e9]
V  [jvm.dll+0x6ad2da]
V  [jvm.dll+0x35adf5]
V  [jvm.dll+0x363016]
V  [jvm.dll+0x3b3b3e]
V  [jvm.dll+0x3b3dc5]
V  [jvm.dll+0x32b50a]
V  [jvm.dll+0x32c32b]
V  [jvm.dll+0x81106f]
V  [jvm.dll+0x3c0d91]
V  [jvm.dll+0x7fcd93]
V  [jvm.dll+0x44c76f]
V  [jvm.dll+0x44e0e1]
C  [jli.dll+0x5287]
C  [ucrtbase.dll+0x26c0c]
C  [KERNEL32.DLL+0x154e0]
C  [ntdll.dll+0x485b]


---------------  P R O C E S S  ---------------

Threads class SMR info:
_java_thread_list=0x00007fff55e3a098, length=0, elements={
}

Java Threads: ( => current thread )

Other Threads:
  0x000002158e19eee0 WorkerThread "GC Thread#0" [stack: 0x000000dae5900000,0x000000dae5a00000] [id=18212]
  0x000002158e1b0150 ConcurrentGCThread "G1 Main Marker" [stack: 0x000000dae5a00000,0x000000dae5b00000] [id=18208]
  0x000002158e1b0a90 WorkerThread "G1 Conc#0" [stack: 0x000000dae5b00000,0x000000dae5c00000] [id=18204]

[error occurred during error reporting (printing all threads), id 0xc0000005, EXCEPTION_ACCESS_VIOLATION (0xc0000005) at pc=0x00007fff5561eb47]
VM state: not at safepoint (not fully initialized)

VM Mutex/Monitor currently owned by a thread:  ([mutex/lock_event])
[0x000002158e1295d0] Heap_lock - owner thread: 0x000002158e12cbb0

Heap address: 0x0000000704e00000, size: 4018 MB, Compressed Oops mode: Zero based, Oop shift amount: 3

CDS archive(s) mapped at: [0x0000000000000000-0x0000000000000000-0x0000000000000000), size 0, SharedBaseAddress: 0x0000000800000000, ArchiveRelocationMode: 0.
Narrow klass base: 0x0000000000000000, Narrow klass shift: 0, Narrow klass range: 0x0

GC Precious Log:
 CardTable entry size: 512
 Card Set container configuration: InlinePtr #cards 4 size 8 Array Of Cards #cards 16 size 48 Howl #buckets 8 coarsen threshold 3686 Howl Bitmap #cards 512 size 80 coarsen threshold 460 Card regions per heap region 1 cards per card region 4096

Heap:
 garbage-first heap   total 0K, used 0K [0x0000000704e00000, 0x0000000800000000)
  region size 2048K, 0 young (0K), 0 survivors (0K)

[error occurred during error reporting (printing heap information), id 0xc0000005, EXCEPTION_ACCESS_VIOLATION (0xc0000005) at pc=0x00007fff559f3c59]
GC Heap History (0 events):
No events

Dll operation events (1 events):
Event: 0.003 Loaded shared library D:\jdk-20\bin\java.dll

Deoptimization events (0 events):
No events

Classes loaded (0 events):
No events

Classes unloaded (0 events):
No events

Classes redefined (0 events):
No events

Internal exceptions (0 events):
No events

VM Operations (0 events):
No events

Events (0 events):
No events


Dynamic libraries:
0x00007ff7effc0000 - 0x00007ff7effce000 	D:\jdk-20\bin\javaw.exe
0x00007fffbbb00000 - 0x00007fffbbd07000 	C:\WINDOWS\SYSTEM32\ntdll.dll
0x00007fffba440000 - 0x00007fffba4fd000 	C:\WINDOWS\System32\KERNEL32.DLL
0x00007fffb8fe0000 - 0x00007fffb9354000 	C:\WINDOWS\System32\KERNELBASE.dll
0x00007fffb9570000 - 0x00007fffb9681000 	C:\WINDOWS\System32\ucrtbase.dll
0x00007fffa35b0000 - 0x00007fffa35c7000 	D:\jdk-20\bin\jli.dll
0x00007fffa34b0000 - 0x00007fffa34cb000 	D:\jdk-20\bin\VCRUNTIME140.dll
0x00007fffba510000 - 0x00007fffba6bc000 	C:\WINDOWS\System32\USER32.dll
0x00007fff9f4c0000 - 0x00007fff9f765000 	C:\WINDOWS\WinSxS\amd64_microsoft.windows.common-controls_6595b64144ccf1df_6.0.22000.120_none_9d947278b86cc467\COMCTL32.dll
0x00007fffb9700000 - 0x00007fffb9726000 	C:\WINDOWS\System32\win32u.dll
0x00007fffba170000 - 0x00007fffba199000 	C:\WINDOWS\System32\GDI32.dll
0x00007fffba6c0000 - 0x00007fffba763000 	C:\WINDOWS\System32\msvcrt.dll
0x00007fffb97b0000 - 0x00007fffb98c2000 	C:\WINDOWS\System32\gdi32full.dll
0x00007fffb94d0000 - 0x00007fffb956d000 	C:\WINDOWS\System32\msvcp_win.dll
0x00007fffba130000 - 0x00007fffba161000 	C:\WINDOWS\System32\IMM32.DLL
0x00007fffaf9e0000 - 0x00007fffaf9ec000 	D:\jdk-20\bin\vcruntime140_1.dll
0x00007fff84080000 - 0x00007fff8410e000 	D:\jdk-20\bin\msvcp140.dll
0x00007fff552e0000 - 0x00007fff55f77000 	D:\jdk-20\bin\server\jvm.dll
0x00007fffbb890000 - 0x00007fffbb93c000 	C:\WINDOWS\System32\ADVAPI32.dll
0x00007fffbaf40000 - 0x00007fffbafdd000 	C:\WINDOWS\System32\sechost.dll
0x00007fffba770000 - 0x00007fffba891000 	C:\WINDOWS\System32\RPCRT4.dll
0x00007fff9e7c0000 - 0x00007fff9e7c9000 	C:\WINDOWS\SYSTEM32\WSOCK32.dll
0x00007fffafab0000 - 0x00007fffafae3000 	C:\WINDOWS\SYSTEM32\WINMM.dll
0x00007fffaeae0000 - 0x00007fffaeaea000 	C:\WINDOWS\SYSTEM32\VERSION.dll
0x00007fffbb960000 - 0x00007fffbb9cf000 	C:\WINDOWS\System32\WS2_32.dll
0x00007fffb80c0000 - 0x00007fffb80d8000 	C:\WINDOWS\SYSTEM32\kernel.appcore.dll
0x00007fffb3120000 - 0x00007fffb312a000 	D:\jdk-20\bin\jimage.dll
0x00007fffb3430000 - 0x00007fffb3651000 	C:\WINDOWS\SYSTEM32\DBGHELP.DLL
0x00007fffac800000 - 0x00007fffac831000 	C:\WINDOWS\SYSTEM32\dbgcore.DLL
0x00007fffb9730000 - 0x00007fffb97af000 	C:\WINDOWS\System32\bcryptPrimitives.dll
0x00007fffb2e10000 - 0x00007fffb2e36000 	D:\jdk-20\bin\java.dll

dbghelp: loaded successfully - version: 4.0.5 - missing functions: none
symbol engine: initialized successfully - sym options: 0x614 - pdb path: .;D:\jdk-20\bin;C:\WINDOWS\SYSTEM32;C:\WINDOWS\WinSxS\amd64_microsoft.windows.common-controls_6595b64144ccf1df_6.0.22000.120_none_9d947278b86cc467;D:\jdk-20\bin\server

VM Arguments:
jvm_args: --module-path=D:\Eclipse IDE\javafx-sdk-18.0.1\lib --add-modules=javafx.controls,javafx.fxml -Dfile.encoding=UTF-8 --module-path=D:\Eclipse IDE\javafx-sdk-18.0.1\lib\javafx.base.jar;D:\Eclipse IDE\javafx-sdk-18.0.1\lib\javafx.controls.jar;D:\Eclipse IDE\javafx-sdk-18.0.1\lib\javafx.fxml.jar;D:\Eclipse IDE\javafx-sdk-18.0.1\lib\javafx.graphics.jar;D:\Eclipse IDE\javafx-sdk-18.0.1\lib\javafx.media.jar;D:\Eclipse IDE\javafx-sdk-18.0.1\lib\javafx.swing.jar;D:\Eclipse IDE\javafx-sdk-18.0.1\lib\javafx.web.jar;D:\Eclipse IDE\javafx-sdk-18.0.1\lib\javafx-swt.jar -XX:+ShowCodeDetailsInExceptionMessages 
java_command: iut.sae.application.Test
java_class_path (initial): F:\programation\eclipse-workspace\SAE_Dev_Appli\bin
Launcher Type: SUN_STANDARD

[Global flags]
     intx CICompilerCount                          = 12                                        {product} {ergonomic}
     uint ConcGCThreads                            = 3                                         {product} {ergonomic}
     uint G1ConcRefinementThreads                  = 13                                        {product} {ergonomic}
   size_t G1HeapRegionSize                         = 2097152                                   {product} {ergonomic}
    uintx GCDrainStackTargetSize                   = 64                                        {product} {ergonomic}
   size_t InitialHeapSize                          = 264241152                                 {product} {ergonomic}
   size_t MarkStackSize                            = 4194304                                   {product} {ergonomic}
   size_t MaxHeapSize                              = 4213178368                                {product} {ergonomic}
   size_t MinHeapDeltaBytes                        = 2097152                                   {product} {ergonomic}
   size_t MinHeapSize                              = 8388608                                   {product} {ergonomic}
    uintx NonNMethodCodeHeapSize                   = 7602480                                {pd product} {ergonomic}
    uintx NonProfiledCodeHeapSize                  = 122027880                              {pd product} {ergonomic}
    uintx ProfiledCodeHeapSize                     = 122027880                              {pd product} {ergonomic}
    uintx ReservedCodeCacheSize                    = 251658240                              {pd product} {ergonomic}
     bool SegmentedCodeCache                       = true                                      {product} {ergonomic}
     bool ShowCodeDetailsInExceptionMessages       = true                                   {manageable} {command line}
   size_t SoftMaxHeapSize                          = 4213178368                             {manageable} {ergonomic}
     bool UseCompressedClassPointers               = true                           {product lp64_product} {ergonomic}
     bool UseCompressedOops                        = true                           {product lp64_product} {ergonomic}
     bool UseG1GC                                  = true                                      {product} {ergonomic}
     bool UseLargePagesIndividualAllocation        = false                                  {pd product} {ergonomic}

Logging:
Log output configuration:
 #0: stdout all=warning uptime,level,tags foldmultilines=false
 #1: stderr all=off uptime,level,tags foldmultilines=false

Environment Variables:
PATH=D:/jdk-20/bin/server;D:/jdk-20/bin;C:\Program Files\Java\jdk-17.0.5\bin;C:\Program Files\Common Files\Oracle\Java\javapath;C:watcom-1.3\binnt;C:watcom-1.3\binw;C:\WINDOWS\system32;C:\WINDOWS;C:\WINDOWS\System32\Wbem;C:\WINDOWS\System32\WindowsPowerShell\v1.0\;C:\WINDOWS\System32\OpenSSH\;C:\Program Files (x86)\wapt;c:\Program Files\PuTTY\;C:\Program Files (x86)\NVIDIA Corporation\PhysX\Common;C:\Program Files\NVIDIA Corporation\NVIDIA NvDLISR;C:\Program Files\Microsoft SQL Server\130\Tools\Binn\;c:\Program Files\nodejs\;C:\Program Files\Git\cmd;C:\Program Files\Microsoft VS Code\bin;C:\Users\tany.catalabailly\AppData\Local\Microsoft\WindowsApps;;C:\Users\tany.catalabailly\AppData\Local\Programs\Microsoft VS Code\bin;D:\eclipse-2023-03\eclipse;
USERNAME=tany.catalabailly
OS=Windows_NT
PROCESSOR_IDENTIFIER=Intel64 Family 6 Model 165 Stepping 5, GenuineIntel
TMP=C:\Users\TANY~1.CAT\AppData\Local\Temp
TEMP=C:\Users\TANY~1.CAT\AppData\Local\Temp




---------------  S Y S T E M  ---------------

OS:
 Windows 11 , 64 bit Build 22000 (10.0.22000.318)
OS uptime: 0 days 8:04 hours
Hyper-V role detected

CPU: total 16 (initial active 16) (8 cores per cpu, 2 threads per core) family 6 model 165 stepping 5 microcode 0xe0, cx8, cmov, fxsr, ht, mmx, 3dnowpref, sse, sse2, sse3, ssse3, sse4.1, sse4.2, popcnt, lzcnt, tsc, tscinvbit, avx, avx2, aes, erms, clmul, bmi1, bmi2, adx, fma, vzeroupper, clflush, clflushopt, hv, rdtscp, f16c

Memory: 4k page, system-wide physical 16067M (7478M free)
TotalPageFile size 18115M (AvailPageFile size 256M)
current process WorkingSet (physical memory assigned to process): 10M, peak: 10M
current process commit charge ("private bytes"): 70M, peak: 322M

vm_info: OpenJDK 64-Bit Server VM (20+36-2344) for windows-amd64 JRE (20+36-2344), built on 2023-02-10T19:30:15Z by "mach5one" with MS VC++ 17.1 (VS2022)

END.
